<?xml version="1.0" encoding="UTF-8"?>
<testsuite xmlns:xsi="http://www.w3.org/2001/XMLSchema-instance" xsi:noNamespaceSchemaLocation="https://maven.apache.org/surefire/maven-surefire-plugin/xsd/surefire-test-report.xsd" name="meu.edu.jo.MeuDemoServiceApplicationTests" time="11.811" tests="1" errors="0" skipped="0" failures="0">
  <properties>
    <property name="java.specification.version" value="15"/>
    <property name="sun.cpu.isalist" value="amd64"/>
    <property name="sun.jnu.encoding" value="Cp1252"/>
    <property name="java.class.path" value="C:\Oasis\Integration\IntegrationServices\meu-demo-service\target\test-classes;C:\Oasis\Integration\IntegrationServices\meu-demo-service\target\classes;C:\Users\mhamm\.m2\repository\org\springframework\boot\spring-boot-starter-web\2.4.3\spring-boot-starter-web-2.4.3.jar;C:\Users\mhamm\.m2\repository\org\springframework\boot\spring-boot-starter\2.4.3\spring-boot-starter-2.4.3.jar;C:\Users\mhamm\.m2\repository\org\springframework\boot\spring-boot\2.4.3\spring-boot-2.4.3.jar;C:\Users\mhamm\.m2\repository\org\springframework\boot\spring-boot-autoconfigure\2.4.3\spring-boot-autoconfigure-2.4.3.jar;C:\Users\mhamm\.m2\repository\org\springframework\boot\spring-boot-starter-logging\2.4.3\spring-boot-starter-logging-2.4.3.jar;C:\Users\mhamm\.m2\repository\ch\qos\logback\logback-classic\1.2.3\logback-classic-1.2.3.jar;C:\Users\mhamm\.m2\repository\ch\qos\logback\logback-core\1.2.3\logback-core-1.2.3.jar;C:\Users\mhamm\.m2\repository\org\apache\logging\log4j\log4j-to-slf4j\2.13.3\log4j-to-slf4j-2.13.3.jar;C:\Users\mhamm\.m2\repository\org\apache\logging\log4j\log4j-api\2.13.3\log4j-api-2.13.3.jar;C:\Users\mhamm\.m2\repository\org\slf4j\jul-to-slf4j\1.7.30\jul-to-slf4j-1.7.30.jar;C:\Users\mhamm\.m2\repository\jakarta\annotation\jakarta.annotation-api\1.3.5\jakarta.annotation-api-1.3.5.jar;C:\Users\mhamm\.m2\repository\org\yaml\snakeyaml\1.27\snakeyaml-1.27.jar;C:\Users\mhamm\.m2\repository\org\springframework\boot\spring-boot-starter-json\2.4.3\spring-boot-starter-json-2.4.3.jar;C:\Users\mhamm\.m2\repository\com\fasterxml\jackson\datatype\jackson-datatype-jdk8\2.11.4\jackson-datatype-jdk8-2.11.4.jar;C:\Users\mhamm\.m2\repository\com\fasterxml\jackson\datatype\jackson-datatype-jsr310\2.11.4\jackson-datatype-jsr310-2.11.4.jar;C:\Users\mhamm\.m2\repository\com\fasterxml\jackson\module\jackson-module-parameter-names\2.11.4\jackson-module-parameter-names-2.11.4.jar;C:\Users\mhamm\.m2\repository\org\springframework\boot\spring-boot-starter-tomcat\2.4.3\spring-boot-starter-tomcat-2.4.3.jar;C:\Users\mhamm\.m2\repository\org\apache\tomcat\embed\tomcat-embed-core\9.0.43\tomcat-embed-core-9.0.43.jar;C:\Users\mhamm\.m2\repository\org\glassfish\jakarta.el\3.0.3\jakarta.el-3.0.3.jar;C:\Users\mhamm\.m2\repository\org\apache\tomcat\embed\tomcat-embed-websocket\9.0.43\tomcat-embed-websocket-9.0.43.jar;C:\Users\mhamm\.m2\repository\org\springframework\spring-web\5.3.4\spring-web-5.3.4.jar;C:\Users\mhamm\.m2\repository\org\springframework\spring-beans\5.3.4\spring-beans-5.3.4.jar;C:\Users\mhamm\.m2\repository\org\springframework\spring-webmvc\5.3.4\spring-webmvc-5.3.4.jar;C:\Users\mhamm\.m2\repository\org\springframework\spring-context\5.3.4\spring-context-5.3.4.jar;C:\Users\mhamm\.m2\repository\org\springframework\spring-expression\5.3.4\spring-expression-5.3.4.jar;C:\Users\mhamm\.m2\repository\org\springframework\boot\spring-boot-starter-test\2.4.3\spring-boot-starter-test-2.4.3.jar;C:\Users\mhamm\.m2\repository\org\springframework\boot\spring-boot-test\2.4.3\spring-boot-test-2.4.3.jar;C:\Users\mhamm\.m2\repository\org\springframework\boot\spring-boot-test-autoconfigure\2.4.3\spring-boot-test-autoconfigure-2.4.3.jar;C:\Users\mhamm\.m2\repository\com\jayway\jsonpath\json-path\2.4.0\json-path-2.4.0.jar;C:\Users\mhamm\.m2\repository\net\minidev\json-smart\2.3\json-smart-2.3.jar;C:\Users\mhamm\.m2\repository\net\minidev\accessors-smart\1.2\accessors-smart-1.2.jar;C:\Users\mhamm\.m2\repository\org\ow2\asm\asm\5.0.4\asm-5.0.4.jar;C:\Users\mhamm\.m2\repository\jakarta\xml\bind\jakarta.xml.bind-api\2.3.3\jakarta.xml.bind-api-2.3.3.jar;C:\Users\mhamm\.m2\repository\jakarta\activation\jakarta.activation-api\1.2.2\jakarta.activation-api-1.2.2.jar;C:\Users\mhamm\.m2\repository\org\assertj\assertj-core\3.18.1\assertj-core-3.18.1.jar;C:\Users\mhamm\.m2\repository\org\hamcrest\hamcrest\2.2\hamcrest-2.2.jar;C:\Users\mhamm\.m2\repository\org\junit\jupiter\junit-jupiter\5.7.1\junit-jupiter-5.7.1.jar;C:\Users\mhamm\.m2\repository\org\junit\jupiter\junit-jupiter-api\5.7.1\junit-jupiter-api-5.7.1.jar;C:\Users\mhamm\.m2\repository\org\apiguardian\apiguardian-api\1.1.0\apiguardian-api-1.1.0.jar;C:\Users\mhamm\.m2\repository\org\opentest4j\opentest4j\1.2.0\opentest4j-1.2.0.jar;C:\Users\mhamm\.m2\repository\org\junit\platform\junit-platform-commons\1.7.1\junit-platform-commons-1.7.1.jar;C:\Users\mhamm\.m2\repository\org\junit\jupiter\junit-jupiter-params\5.7.1\junit-jupiter-params-5.7.1.jar;C:\Users\mhamm\.m2\repository\org\junit\jupiter\junit-jupiter-engine\5.7.1\junit-jupiter-engine-5.7.1.jar;C:\Users\mhamm\.m2\repository\org\junit\platform\junit-platform-engine\1.7.1\junit-platform-engine-1.7.1.jar;C:\Users\mhamm\.m2\repository\org\mockito\mockito-core\3.6.28\mockito-core-3.6.28.jar;C:\Users\mhamm\.m2\repository\net\bytebuddy\byte-buddy\1.10.20\byte-buddy-1.10.20.jar;C:\Users\mhamm\.m2\repository\net\bytebuddy\byte-buddy-agent\1.10.20\byte-buddy-agent-1.10.20.jar;C:\Users\mhamm\.m2\repository\org\objenesis\objenesis\3.1\objenesis-3.1.jar;C:\Users\mhamm\.m2\repository\org\mockito\mockito-junit-jupiter\3.6.28\mockito-junit-jupiter-3.6.28.jar;C:\Users\mhamm\.m2\repository\org\skyscreamer\jsonassert\1.5.0\jsonassert-1.5.0.jar;C:\Users\mhamm\.m2\repository\com\vaadin\external\google\android-json\0.0.20131108.vaadin1\android-json-0.0.20131108.vaadin1.jar;C:\Users\mhamm\.m2\repository\org\springframework\spring-core\5.3.4\spring-core-5.3.4.jar;C:\Users\mhamm\.m2\repository\org\springframework\spring-jcl\5.3.4\spring-jcl-5.3.4.jar;C:\Users\mhamm\.m2\repository\org\springframework\spring-test\5.3.4\spring-test-5.3.4.jar;C:\Users\mhamm\.m2\repository\org\xmlunit\xmlunit-core\2.7.0\xmlunit-core-2.7.0.jar;C:\Users\mhamm\.m2\repository\org\apache\camel\springboot\camel-spring-boot-starter\3.11.3\camel-spring-boot-starter-3.11.3.jar;C:\Users\mhamm\.m2\repository\org\apache\camel\springboot\camel-spring-boot\3.11.3\camel-spring-boot-3.11.3.jar;C:\Users\mhamm\.m2\repository\org\apache\camel\camel-spring\3.11.3\camel-spring-3.11.3.jar;C:\Users\mhamm\.m2\repository\org\apache\camel\camel-management-api\3.11.3\camel-management-api-3.11.3.jar;C:\Users\mhamm\.m2\repository\org\apache\camel\camel-spring-main\3.11.3\camel-spring-main-3.11.3.jar;C:\Users\mhamm\.m2\repository\org\apache\camel\camel-main\3.11.3\camel-main-3.11.3.jar;C:\Users\mhamm\.m2\repository\org\apache\camel\camel-base\3.11.3\camel-base-3.11.3.jar;C:\Users\mhamm\.m2\repository\org\apache\camel\camel-core-languages\3.11.3\camel-core-languages-3.11.3.jar;C:\Users\mhamm\.m2\repository\org\apache\camel\camel-xml-jaxb-dsl\3.11.3\camel-xml-jaxb-dsl-3.11.3.jar;C:\Users\mhamm\.m2\repository\org\apache\camel\camel-support\3.11.3\camel-support-3.11.3.jar;C:\Users\mhamm\.m2\repository\org\apache\camel\camel-core-model\3.11.3\camel-core-model-3.11.3.jar;C:\Users\mhamm\.m2\repository\org\apache\camel\camel-core-processor\3.11.3\camel-core-processor-3.11.3.jar;C:\Users\mhamm\.m2\repository\org\apache\camel\camel-xml-jaxb\3.11.3\camel-xml-jaxb-3.11.3.jar;C:\Users\mhamm\.m2\repository\com\sun\xml\bind\jaxb-core\2.3.0\jaxb-core-2.3.0.jar;C:\Users\mhamm\.m2\repository\com\sun\xml\bind\jaxb-impl\2.3.3\jaxb-impl-2.3.3.jar;C:\Users\mhamm\.m2\repository\org\apache\camel\camel-dsl-support\3.11.3\camel-dsl-support-3.11.3.jar;C:\Users\mhamm\.m2\repository\org\apache\camel\camel-endpointdsl\3.11.3\camel-endpointdsl-3.11.3.jar;C:\Users\mhamm\.m2\repository\org\apache\camel\camel-spring-xml\3.11.3\camel-spring-xml-3.11.3.jar;C:\Users\mhamm\.m2\repository\org\apache\camel\camel-core-xml\3.11.3\camel-core-xml-3.11.3.jar;C:\Users\mhamm\.m2\repository\org\apache\camel\camel-cloud\3.11.3\camel-cloud-3.11.3.jar;C:\Users\mhamm\.m2\repository\org\apache\camel\camel-cluster\3.11.3\camel-cluster-3.11.3.jar;C:\Users\mhamm\.m2\repository\org\apache\camel\camel-base-engine\3.11.3\camel-base-engine-3.11.3.jar;C:\Users\mhamm\.m2\repository\org\apache\camel\camel-health\3.11.3\camel-health-3.11.3.jar;C:\Users\mhamm\.m2\repository\org\apache\camel\springboot\camel-core-starter\3.11.3\camel-core-starter-3.11.3.jar;C:\Users\mhamm\.m2\repository\org\apache\camel\camel-core-engine\3.11.3\camel-core-engine-3.11.3.jar;C:\Users\mhamm\.m2\repository\org\apache\camel\camel-api\3.11.3\camel-api-3.11.3.jar;C:\Users\mhamm\.m2\repository\org\apache\camel\camel-core-reifier\3.11.3\camel-core-reifier-3.11.3.jar;C:\Users\mhamm\.m2\repository\org\apache\camel\camel-util\3.11.3\camel-util-3.11.3.jar;C:\Users\mhamm\.m2\repository\org\apache\camel\springboot\camel-bean-starter\3.11.3\camel-bean-starter-3.11.3.jar;C:\Users\mhamm\.m2\repository\org\apache\camel\camel-bean\3.11.3\camel-bean-3.11.3.jar;C:\Users\mhamm\.m2\repository\org\apache\camel\springboot\camel-browse-starter\3.11.3\camel-browse-starter-3.11.3.jar;C:\Users\mhamm\.m2\repository\org\apache\camel\camel-browse\3.11.3\camel-browse-3.11.3.jar;C:\Users\mhamm\.m2\repository\org\apache\camel\springboot\camel-controlbus-starter\3.11.3\camel-controlbus-starter-3.11.3.jar;C:\Users\mhamm\.m2\repository\org\apache\camel\camel-controlbus\3.11.3\camel-controlbus-3.11.3.jar;C:\Users\mhamm\.m2\repository\org\apache\camel\springboot\camel-dataformat-starter\3.11.3\camel-dataformat-starter-3.11.3.jar;C:\Users\mhamm\.m2\repository\org\apache\camel\camel-dataformat\3.11.3\camel-dataformat-3.11.3.jar;C:\Users\mhamm\.m2\repository\org\apache\camel\springboot\camel-dataset-starter\3.11.3\camel-dataset-starter-3.11.3.jar;C:\Users\mhamm\.m2\repository\org\apache\camel\camel-dataset\3.11.3\camel-dataset-3.11.3.jar;C:\Users\mhamm\.m2\repository\org\apache\camel\springboot\camel-direct-starter\3.11.3\camel-direct-starter-3.11.3.jar;C:\Users\mhamm\.m2\repository\org\apache\camel\camel-direct\3.11.3\camel-direct-3.11.3.jar;C:\Users\mhamm\.m2\repository\org\apache\camel\springboot\camel-directvm-starter\3.11.3\camel-directvm-starter-3.11.3.jar;C:\Users\mhamm\.m2\repository\org\apache\camel\camel-directvm\3.11.3\camel-directvm-3.11.3.jar;C:\Users\mhamm\.m2\repository\org\apache\camel\springboot\camel-file-starter\3.11.3\camel-file-starter-3.11.3.jar;C:\Users\mhamm\.m2\repository\org\apache\camel\camel-file\3.11.3\camel-file-3.11.3.jar;C:\Users\mhamm\.m2\repository\org\apache\camel\springboot\camel-language-starter\3.11.3\camel-language-starter-3.11.3.jar;C:\Users\mhamm\.m2\repository\org\apache\camel\camel-language\3.11.3\camel-language-3.11.3.jar;C:\Users\mhamm\.m2\repository\org\apache\camel\springboot\camel-log-starter\3.11.3\camel-log-starter-3.11.3.jar;C:\Users\mhamm\.m2\repository\org\apache\camel\camel-log\3.11.3\camel-log-3.11.3.jar;C:\Users\mhamm\.m2\repository\org\apache\camel\springboot\camel-mock-starter\3.11.3\camel-mock-starter-3.11.3.jar;C:\Users\mhamm\.m2\repository\org\apache\camel\camel-mock\3.11.3\camel-mock-3.11.3.jar;C:\Users\mhamm\.m2\repository\org\apache\camel\springboot\camel-ref-starter\3.11.3\camel-ref-starter-3.11.3.jar;C:\Users\mhamm\.m2\repository\org\apache\camel\camel-ref\3.11.3\camel-ref-3.11.3.jar;C:\Users\mhamm\.m2\repository\org\apache\camel\springboot\camel-rest-starter\3.11.3\camel-rest-starter-3.11.3.jar;C:\Users\mhamm\.m2\repository\org\apache\camel\camel-rest\3.11.3\camel-rest-3.11.3.jar;C:\Users\mhamm\.m2\repository\org\apache\camel\camel-tooling-model\3.11.3\camel-tooling-model-3.11.3.jar;C:\Users\mhamm\.m2\repository\org\apache\camel\camel-util-json\3.11.3\camel-util-json-3.11.3.jar;C:\Users\mhamm\.m2\repository\org\apache\camel\springboot\camel-saga-starter\3.11.3\camel-saga-starter-3.11.3.jar;C:\Users\mhamm\.m2\repository\org\apache\camel\camel-saga\3.11.3\camel-saga-3.11.3.jar;C:\Users\mhamm\.m2\repository\org\apache\camel\springboot\camel-scheduler-starter\3.11.3\camel-scheduler-starter-3.11.3.jar;C:\Users\mhamm\.m2\repository\org\apache\camel\camel-scheduler\3.11.3\camel-scheduler-3.11.3.jar;C:\Users\mhamm\.m2\repository\org\apache\camel\springboot\camel-seda-starter\3.11.3\camel-seda-starter-3.11.3.jar;C:\Users\mhamm\.m2\repository\org\apache\camel\camel-seda\3.11.3\camel-seda-3.11.3.jar;C:\Users\mhamm\.m2\repository\org\apache\camel\springboot\camel-stub-starter\3.11.3\camel-stub-starter-3.11.3.jar;C:\Users\mhamm\.m2\repository\org\apache\camel\camel-stub\3.11.3\camel-stub-3.11.3.jar;C:\Users\mhamm\.m2\repository\org\apache\camel\springboot\camel-timer-starter\3.11.3\camel-timer-starter-3.11.3.jar;C:\Users\mhamm\.m2\repository\org\apache\camel\camel-timer\3.11.3\camel-timer-3.11.3.jar;C:\Users\mhamm\.m2\repository\org\apache\camel\springboot\camel-validator-starter\3.11.3\camel-validator-starter-3.11.3.jar;C:\Users\mhamm\.m2\repository\org\apache\camel\camel-validator\3.11.3\camel-validator-3.11.3.jar;C:\Users\mhamm\.m2\repository\org\apache\camel\springboot\camel-vm-starter\3.11.3\camel-vm-starter-3.11.3.jar;C:\Users\mhamm\.m2\repository\org\apache\camel\camel-vm\3.11.3\camel-vm-3.11.3.jar;C:\Users\mhamm\.m2\repository\org\apache\camel\springboot\camel-xpath-starter\3.11.3\camel-xpath-starter-3.11.3.jar;C:\Users\mhamm\.m2\repository\org\apache\camel\camel-xpath\3.11.3\camel-xpath-3.11.3.jar;C:\Users\mhamm\.m2\repository\org\apache\camel\springboot\camel-xslt-starter\3.11.3\camel-xslt-starter-3.11.3.jar;C:\Users\mhamm\.m2\repository\org\apache\camel\camel-xslt\3.11.3\camel-xslt-3.11.3.jar;C:\Users\mhamm\.m2\repository\org\apache\camel\springboot\camel-xml-jaxp-starter\3.11.3\camel-xml-jaxp-starter-3.11.3.jar;C:\Users\mhamm\.m2\repository\org\apache\camel\camel-xml-jaxp\3.11.3\camel-xml-jaxp-3.11.3.jar;C:\Users\mhamm\.m2\repository\org\apache\camel\camel-xml-io-util\3.11.3\camel-xml-io-util-3.11.3.jar;C:\Users\mhamm\.m2\repository\io\jsonwebtoken\jjwt\0.9.1\jjwt-0.9.1.jar;C:\Users\mhamm\.m2\repository\com\fasterxml\jackson\core\jackson-databind\2.11.4\jackson-databind-2.11.4.jar;C:\Users\mhamm\.m2\repository\com\fasterxml\jackson\core\jackson-annotations\2.11.4\jackson-annotations-2.11.4.jar;C:\Users\mhamm\.m2\repository\com\fasterxml\jackson\core\jackson-core\2.11.4\jackson-core-2.11.4.jar;C:\Users\mhamm\.m2\repository\org\springframework\boot\spring-boot-starter-data-jpa\2.4.3\spring-boot-starter-data-jpa-2.4.3.jar;C:\Users\mhamm\.m2\repository\org\springframework\boot\spring-boot-starter-aop\2.4.3\spring-boot-starter-aop-2.4.3.jar;C:\Users\mhamm\.m2\repository\org\aspectj\aspectjweaver\1.9.6\aspectjweaver-1.9.6.jar;C:\Users\mhamm\.m2\repository\org\springframework\boot\spring-boot-starter-jdbc\2.4.3\spring-boot-starter-jdbc-2.4.3.jar;C:\Users\mhamm\.m2\repository\com\zaxxer\HikariCP\3.4.5\HikariCP-3.4.5.jar;C:\Users\mhamm\.m2\repository\org\springframework\spring-jdbc\5.3.4\spring-jdbc-5.3.4.jar;C:\Users\mhamm\.m2\repository\jakarta\transaction\jakarta.transaction-api\1.3.3\jakarta.transaction-api-1.3.3.jar;C:\Users\mhamm\.m2\repository\jakarta\persistence\jakarta.persistence-api\2.2.3\jakarta.persistence-api-2.2.3.jar;C:\Users\mhamm\.m2\repository\org\hibernate\hibernate-core\5.4.28.Final\hibernate-core-5.4.28.Final.jar;C:\Users\mhamm\.m2\repository\org\jboss\logging\jboss-logging\3.4.1.Final\jboss-logging-3.4.1.Final.jar;C:\Users\mhamm\.m2\repository\org\javassist\javassist\3.27.0-GA\javassist-3.27.0-GA.jar;C:\Users\mhamm\.m2\repository\antlr\antlr\2.7.7\antlr-2.7.7.jar;C:\Users\mhamm\.m2\repository\org\jboss\jandex\2.2.3.Final\jandex-2.2.3.Final.jar;C:\Users\mhamm\.m2\repository\org\dom4j\dom4j\2.1.3\dom4j-2.1.3.jar;C:\Users\mhamm\.m2\repository\org\hibernate\common\hibernate-commons-annotations\5.1.2.Final\hibernate-commons-annotations-5.1.2.Final.jar;C:\Users\mhamm\.m2\repository\org\glassfish\jaxb\jaxb-runtime\2.3.3\jaxb-runtime-2.3.3.jar;C:\Users\mhamm\.m2\repository\org\glassfish\jaxb\txw2\2.3.3\txw2-2.3.3.jar;C:\Users\mhamm\.m2\repository\com\sun\istack\istack-commons-runtime\3.0.11\istack-commons-runtime-3.0.11.jar;C:\Users\mhamm\.m2\repository\com\sun\activation\jakarta.activation\1.2.2\jakarta.activation-1.2.2.jar;C:\Users\mhamm\.m2\repository\org\springframework\data\spring-data-jpa\2.4.5\spring-data-jpa-2.4.5.jar;C:\Users\mhamm\.m2\repository\org\springframework\data\spring-data-commons\2.4.5\spring-data-commons-2.4.5.jar;C:\Users\mhamm\.m2\repository\org\springframework\spring-orm\5.3.4\spring-orm-5.3.4.jar;C:\Users\mhamm\.m2\repository\org\springframework\spring-tx\5.3.4\spring-tx-5.3.4.jar;C:\Users\mhamm\.m2\repository\org\springframework\spring-aspects\5.3.4\spring-aspects-5.3.4.jar;C:\Users\mhamm\.m2\repository\io\springfox\springfox-swagger2\3.0.0\springfox-swagger2-3.0.0.jar;C:\Users\mhamm\.m2\repository\io\springfox\springfox-spi\3.0.0\springfox-spi-3.0.0.jar;C:\Users\mhamm\.m2\repository\io\springfox\springfox-core\3.0.0\springfox-core-3.0.0.jar;C:\Users\mhamm\.m2\repository\io\springfox\springfox-schema\3.0.0\springfox-schema-3.0.0.jar;C:\Users\mhamm\.m2\repository\io\springfox\springfox-swagger-common\3.0.0\springfox-swagger-common-3.0.0.jar;C:\Users\mhamm\.m2\repository\io\swagger\core\v3\swagger-annotations\2.1.2\swagger-annotations-2.1.2.jar;C:\Users\mhamm\.m2\repository\io\springfox\springfox-spring-web\3.0.0\springfox-spring-web-3.0.0.jar;C:\Users\mhamm\.m2\repository\io\github\classgraph\classgraph\4.8.83\classgraph-4.8.83.jar;C:\Users\mhamm\.m2\repository\io\springfox\springfox-spring-webmvc\3.0.0\springfox-spring-webmvc-3.0.0.jar;C:\Users\mhamm\.m2\repository\io\springfox\springfox-spring-webflux\3.0.0\springfox-spring-webflux-3.0.0.jar;C:\Users\mhamm\.m2\repository\com\fasterxml\classmate\1.5.1\classmate-1.5.1.jar;C:\Users\mhamm\.m2\repository\org\slf4j\slf4j-api\1.7.30\slf4j-api-1.7.30.jar;C:\Users\mhamm\.m2\repository\org\springframework\plugin\spring-plugin-core\2.0.0.RELEASE\spring-plugin-core-2.0.0.RELEASE.jar;C:\Users\mhamm\.m2\repository\org\springframework\plugin\spring-plugin-metadata\2.0.0.RELEASE\spring-plugin-metadata-2.0.0.RELEASE.jar;C:\Users\mhamm\.m2\repository\io\swagger\swagger-annotations\1.5.20\swagger-annotations-1.5.20.jar;C:\Users\mhamm\.m2\repository\io\swagger\swagger-models\1.5.20\swagger-models-1.5.20.jar;C:\Users\mhamm\.m2\repository\org\mapstruct\mapstruct\1.3.1.Final\mapstruct-1.3.1.Final.jar;C:\Users\mhamm\.m2\repository\io\springfox\springfox-swagger-ui\3.0.0\springfox-swagger-ui-3.0.0.jar;C:\Users\mhamm\.m2\repository\org\springframework\boot\spring-boot-starter-security\2.4.3\spring-boot-starter-security-2.4.3.jar;C:\Users\mhamm\.m2\repository\org\springframework\spring-aop\5.3.4\spring-aop-5.3.4.jar;C:\Users\mhamm\.m2\repository\org\springframework\security\spring-security-config\5.4.5\spring-security-config-5.4.5.jar;C:\Users\mhamm\.m2\repository\org\springframework\security\spring-security-core\5.4.5\spring-security-core-5.4.5.jar;C:\Users\mhamm\.m2\repository\org\springframework\security\spring-security-web\5.4.5\spring-security-web-5.4.5.jar;C:\Users\mhamm\.m2\repository\org\postgresql\postgresql\42.2.18\postgresql-42.2.18.jar;C:\Users\mhamm\.m2\repository\org\checkerframework\checker-qual\3.5.0\checker-qual-3.5.0.jar;"/>
    <property name="java.vm.vendor" value="Oracle Corporation"/>
    <property name="sun.arch.data.model" value="64"/>
    <property name="user.variant" value=""/>
    <property name="java.vendor.url" value="https://java.oracle.com/"/>
    <property name="user.timezone" value="Asia/Amman"/>
    <property name="os.name" value="Windows 10"/>
    <property name="java.vm.specification.version" value="15"/>
    <property name="sun.java.launcher" value="SUN_STANDARD"/>
    <property name="user.country" value="US"/>
    <property name="sun.boot.library.path" value="C:\Spring Boot Integration Tool\sts-4.9.0.RELEASE\plugins\org.eclipse.justj.openjdk.hotspot.jre.full.win32.x86_64_15.0.1.v20201027-0507\jre\bin"/>
    <property name="sun.java.command" value="C:\Users\mhamm\AppData\Local\Temp\surefire14700263980372625773\surefirebooter17731882677083586478.jar C:\Users\mhamm\AppData\Local\Temp\surefire14700263980372625773 2023-10-28T13-21-49_086-jvmRun1 surefire4683547144224643568tmp surefire_09391890156078198133tmp"/>
    <property name="jdk.debug" value="release"/>
    <property name="surefire.test.class.path" value="C:\Oasis\Integration\IntegrationServices\meu-demo-service\target\test-classes;C:\Oasis\Integration\IntegrationServices\meu-demo-service\target\classes;C:\Users\mhamm\.m2\repository\org\springframework\boot\spring-boot-starter-web\2.4.3\spring-boot-starter-web-2.4.3.jar;C:\Users\mhamm\.m2\repository\org\springframework\boot\spring-boot-starter\2.4.3\spring-boot-starter-2.4.3.jar;C:\Users\mhamm\.m2\repository\org\springframework\boot\spring-boot\2.4.3\spring-boot-2.4.3.jar;C:\Users\mhamm\.m2\repository\org\springframework\boot\spring-boot-autoconfigure\2.4.3\spring-boot-autoconfigure-2.4.3.jar;C:\Users\mhamm\.m2\repository\org\springframework\boot\spring-boot-starter-logging\2.4.3\spring-boot-starter-logging-2.4.3.jar;C:\Users\mhamm\.m2\repository\ch\qos\logback\logback-classic\1.2.3\logback-classic-1.2.3.jar;C:\Users\mhamm\.m2\repository\ch\qos\logback\logback-core\1.2.3\logback-core-1.2.3.jar;C:\Users\mhamm\.m2\repository\org\apache\logging\log4j\log4j-to-slf4j\2.13.3\log4j-to-slf4j-2.13.3.jar;C:\Users\mhamm\.m2\repository\org\apache\logging\log4j\log4j-api\2.13.3\log4j-api-2.13.3.jar;C:\Users\mhamm\.m2\repository\org\slf4j\jul-to-slf4j\1.7.30\jul-to-slf4j-1.7.30.jar;C:\Users\mhamm\.m2\repository\jakarta\annotation\jakarta.annotation-api\1.3.5\jakarta.annotation-api-1.3.5.jar;C:\Users\mhamm\.m2\repository\org\yaml\snakeyaml\1.27\snakeyaml-1.27.jar;C:\Users\mhamm\.m2\repository\org\springframework\boot\spring-boot-starter-json\2.4.3\spring-boot-starter-json-2.4.3.jar;C:\Users\mhamm\.m2\repository\com\fasterxml\jackson\datatype\jackson-datatype-jdk8\2.11.4\jackson-datatype-jdk8-2.11.4.jar;C:\Users\mhamm\.m2\repository\com\fasterxml\jackson\datatype\jackson-datatype-jsr310\2.11.4\jackson-datatype-jsr310-2.11.4.jar;C:\Users\mhamm\.m2\repository\com\fasterxml\jackson\module\jackson-module-parameter-names\2.11.4\jackson-module-parameter-names-2.11.4.jar;C:\Users\mhamm\.m2\repository\org\springframework\boot\spring-boot-starter-tomcat\2.4.3\spring-boot-starter-tomcat-2.4.3.jar;C:\Users\mhamm\.m2\repository\org\apache\tomcat\embed\tomcat-embed-core\9.0.43\tomcat-embed-core-9.0.43.jar;C:\Users\mhamm\.m2\repository\org\glassfish\jakarta.el\3.0.3\jakarta.el-3.0.3.jar;C:\Users\mhamm\.m2\repository\org\apache\tomcat\embed\tomcat-embed-websocket\9.0.43\tomcat-embed-websocket-9.0.43.jar;C:\Users\mhamm\.m2\repository\org\springframework\spring-web\5.3.4\spring-web-5.3.4.jar;C:\Users\mhamm\.m2\repository\org\springframework\spring-beans\5.3.4\spring-beans-5.3.4.jar;C:\Users\mhamm\.m2\repository\org\springframework\spring-webmvc\5.3.4\spring-webmvc-5.3.4.jar;C:\Users\mhamm\.m2\repository\org\springframework\spring-context\5.3.4\spring-context-5.3.4.jar;C:\Users\mhamm\.m2\repository\org\springframework\spring-expression\5.3.4\spring-expression-5.3.4.jar;C:\Users\mhamm\.m2\repository\org\springframework\boot\spring-boot-starter-test\2.4.3\spring-boot-starter-test-2.4.3.jar;C:\Users\mhamm\.m2\repository\org\springframework\boot\spring-boot-test\2.4.3\spring-boot-test-2.4.3.jar;C:\Users\mhamm\.m2\repository\org\springframework\boot\spring-boot-test-autoconfigure\2.4.3\spring-boot-test-autoconfigure-2.4.3.jar;C:\Users\mhamm\.m2\repository\com\jayway\jsonpath\json-path\2.4.0\json-path-2.4.0.jar;C:\Users\mhamm\.m2\repository\net\minidev\json-smart\2.3\json-smart-2.3.jar;C:\Users\mhamm\.m2\repository\net\minidev\accessors-smart\1.2\accessors-smart-1.2.jar;C:\Users\mhamm\.m2\repository\org\ow2\asm\asm\5.0.4\asm-5.0.4.jar;C:\Users\mhamm\.m2\repository\jakarta\xml\bind\jakarta.xml.bind-api\2.3.3\jakarta.xml.bind-api-2.3.3.jar;C:\Users\mhamm\.m2\repository\jakarta\activation\jakarta.activation-api\1.2.2\jakarta.activation-api-1.2.2.jar;C:\Users\mhamm\.m2\repository\org\assertj\assertj-core\3.18.1\assertj-core-3.18.1.jar;C:\Users\mhamm\.m2\repository\org\hamcrest\hamcrest\2.2\hamcrest-2.2.jar;C:\Users\mhamm\.m2\repository\org\junit\jupiter\junit-jupiter\5.7.1\junit-jupiter-5.7.1.jar;C:\Users\mhamm\.m2\repository\org\junit\jupiter\junit-jupiter-api\5.7.1\junit-jupiter-api-5.7.1.jar;C:\Users\mhamm\.m2\repository\org\apiguardian\apiguardian-api\1.1.0\apiguardian-api-1.1.0.jar;C:\Users\mhamm\.m2\repository\org\opentest4j\opentest4j\1.2.0\opentest4j-1.2.0.jar;C:\Users\mhamm\.m2\repository\org\junit\platform\junit-platform-commons\1.7.1\junit-platform-commons-1.7.1.jar;C:\Users\mhamm\.m2\repository\org\junit\jupiter\junit-jupiter-params\5.7.1\junit-jupiter-params-5.7.1.jar;C:\Users\mhamm\.m2\repository\org\junit\jupiter\junit-jupiter-engine\5.7.1\junit-jupiter-engine-5.7.1.jar;C:\Users\mhamm\.m2\repository\org\junit\platform\junit-platform-engine\1.7.1\junit-platform-engine-1.7.1.jar;C:\Users\mhamm\.m2\repository\org\mockito\mockito-core\3.6.28\mockito-core-3.6.28.jar;C:\Users\mhamm\.m2\repository\net\bytebuddy\byte-buddy\1.10.20\byte-buddy-1.10.20.jar;C:\Users\mhamm\.m2\repository\net\bytebuddy\byte-buddy-agent\1.10.20\byte-buddy-agent-1.10.20.jar;C:\Users\mhamm\.m2\repository\org\objenesis\objenesis\3.1\objenesis-3.1.jar;C:\Users\mhamm\.m2\repository\org\mockito\mockito-junit-jupiter\3.6.28\mockito-junit-jupiter-3.6.28.jar;C:\Users\mhamm\.m2\repository\org\skyscreamer\jsonassert\1.5.0\jsonassert-1.5.0.jar;C:\Users\mhamm\.m2\repository\com\vaadin\external\google\android-json\0.0.20131108.vaadin1\android-json-0.0.20131108.vaadin1.jar;C:\Users\mhamm\.m2\repository\org\springframework\spring-core\5.3.4\spring-core-5.3.4.jar;C:\Users\mhamm\.m2\repository\org\springframework\spring-jcl\5.3.4\spring-jcl-5.3.4.jar;C:\Users\mhamm\.m2\repository\org\springframework\spring-test\5.3.4\spring-test-5.3.4.jar;C:\Users\mhamm\.m2\repository\org\xmlunit\xmlunit-core\2.7.0\xmlunit-core-2.7.0.jar;C:\Users\mhamm\.m2\repository\org\apache\camel\springboot\camel-spring-boot-starter\3.11.3\camel-spring-boot-starter-3.11.3.jar;C:\Users\mhamm\.m2\repository\org\apache\camel\springboot\camel-spring-boot\3.11.3\camel-spring-boot-3.11.3.jar;C:\Users\mhamm\.m2\repository\org\apache\camel\camel-spring\3.11.3\camel-spring-3.11.3.jar;C:\Users\mhamm\.m2\repository\org\apache\camel\camel-management-api\3.11.3\camel-management-api-3.11.3.jar;C:\Users\mhamm\.m2\repository\org\apache\camel\camel-spring-main\3.11.3\camel-spring-main-3.11.3.jar;C:\Users\mhamm\.m2\repository\org\apache\camel\camel-main\3.11.3\camel-main-3.11.3.jar;C:\Users\mhamm\.m2\repository\org\apache\camel\camel-base\3.11.3\camel-base-3.11.3.jar;C:\Users\mhamm\.m2\repository\org\apache\camel\camel-core-languages\3.11.3\camel-core-languages-3.11.3.jar;C:\Users\mhamm\.m2\repository\org\apache\camel\camel-xml-jaxb-dsl\3.11.3\camel-xml-jaxb-dsl-3.11.3.jar;C:\Users\mhamm\.m2\repository\org\apache\camel\camel-support\3.11.3\camel-support-3.11.3.jar;C:\Users\mhamm\.m2\repository\org\apache\camel\camel-core-model\3.11.3\camel-core-model-3.11.3.jar;C:\Users\mhamm\.m2\repository\org\apache\camel\camel-core-processor\3.11.3\camel-core-processor-3.11.3.jar;C:\Users\mhamm\.m2\repository\org\apache\camel\camel-xml-jaxb\3.11.3\camel-xml-jaxb-3.11.3.jar;C:\Users\mhamm\.m2\repository\com\sun\xml\bind\jaxb-core\2.3.0\jaxb-core-2.3.0.jar;C:\Users\mhamm\.m2\repository\com\sun\xml\bind\jaxb-impl\2.3.3\jaxb-impl-2.3.3.jar;C:\Users\mhamm\.m2\repository\org\apache\camel\camel-dsl-support\3.11.3\camel-dsl-support-3.11.3.jar;C:\Users\mhamm\.m2\repository\org\apache\camel\camel-endpointdsl\3.11.3\camel-endpointdsl-3.11.3.jar;C:\Users\mhamm\.m2\repository\org\apache\camel\camel-spring-xml\3.11.3\camel-spring-xml-3.11.3.jar;C:\Users\mhamm\.m2\repository\org\apache\camel\camel-core-xml\3.11.3\camel-core-xml-3.11.3.jar;C:\Users\mhamm\.m2\repository\org\apache\camel\camel-cloud\3.11.3\camel-cloud-3.11.3.jar;C:\Users\mhamm\.m2\repository\org\apache\camel\camel-cluster\3.11.3\camel-cluster-3.11.3.jar;C:\Users\mhamm\.m2\repository\org\apache\camel\camel-base-engine\3.11.3\camel-base-engine-3.11.3.jar;C:\Users\mhamm\.m2\repository\org\apache\camel\camel-health\3.11.3\camel-health-3.11.3.jar;C:\Users\mhamm\.m2\repository\org\apache\camel\springboot\camel-core-starter\3.11.3\camel-core-starter-3.11.3.jar;C:\Users\mhamm\.m2\repository\org\apache\camel\camel-core-engine\3.11.3\camel-core-engine-3.11.3.jar;C:\Users\mhamm\.m2\repository\org\apache\camel\camel-api\3.11.3\camel-api-3.11.3.jar;C:\Users\mhamm\.m2\repository\org\apache\camel\camel-core-reifier\3.11.3\camel-core-reifier-3.11.3.jar;C:\Users\mhamm\.m2\repository\org\apache\camel\camel-util\3.11.3\camel-util-3.11.3.jar;C:\Users\mhamm\.m2\repository\org\apache\camel\springboot\camel-bean-starter\3.11.3\camel-bean-starter-3.11.3.jar;C:\Users\mhamm\.m2\repository\org\apache\camel\camel-bean\3.11.3\camel-bean-3.11.3.jar;C:\Users\mhamm\.m2\repository\org\apache\camel\springboot\camel-browse-starter\3.11.3\camel-browse-starter-3.11.3.jar;C:\Users\mhamm\.m2\repository\org\apache\camel\camel-browse\3.11.3\camel-browse-3.11.3.jar;C:\Users\mhamm\.m2\repository\org\apache\camel\springboot\camel-controlbus-starter\3.11.3\camel-controlbus-starter-3.11.3.jar;C:\Users\mhamm\.m2\repository\org\apache\camel\camel-controlbus\3.11.3\camel-controlbus-3.11.3.jar;C:\Users\mhamm\.m2\repository\org\apache\camel\springboot\camel-dataformat-starter\3.11.3\camel-dataformat-starter-3.11.3.jar;C:\Users\mhamm\.m2\repository\org\apache\camel\camel-dataformat\3.11.3\camel-dataformat-3.11.3.jar;C:\Users\mhamm\.m2\repository\org\apache\camel\springboot\camel-dataset-starter\3.11.3\camel-dataset-starter-3.11.3.jar;C:\Users\mhamm\.m2\repository\org\apache\camel\camel-dataset\3.11.3\camel-dataset-3.11.3.jar;C:\Users\mhamm\.m2\repository\org\apache\camel\springboot\camel-direct-starter\3.11.3\camel-direct-starter-3.11.3.jar;C:\Users\mhamm\.m2\repository\org\apache\camel\camel-direct\3.11.3\camel-direct-3.11.3.jar;C:\Users\mhamm\.m2\repository\org\apache\camel\springboot\camel-directvm-starter\3.11.3\camel-directvm-starter-3.11.3.jar;C:\Users\mhamm\.m2\repository\org\apache\camel\camel-directvm\3.11.3\camel-directvm-3.11.3.jar;C:\Users\mhamm\.m2\repository\org\apache\camel\springboot\camel-file-starter\3.11.3\camel-file-starter-3.11.3.jar;C:\Users\mhamm\.m2\repository\org\apache\camel\camel-file\3.11.3\camel-file-3.11.3.jar;C:\Users\mhamm\.m2\repository\org\apache\camel\springboot\camel-language-starter\3.11.3\camel-language-starter-3.11.3.jar;C:\Users\mhamm\.m2\repository\org\apache\camel\camel-language\3.11.3\camel-language-3.11.3.jar;C:\Users\mhamm\.m2\repository\org\apache\camel\springboot\camel-log-starter\3.11.3\camel-log-starter-3.11.3.jar;C:\Users\mhamm\.m2\repository\org\apache\camel\camel-log\3.11.3\camel-log-3.11.3.jar;C:\Users\mhamm\.m2\repository\org\apache\camel\springboot\camel-mock-starter\3.11.3\camel-mock-starter-3.11.3.jar;C:\Users\mhamm\.m2\repository\org\apache\camel\camel-mock\3.11.3\camel-mock-3.11.3.jar;C:\Users\mhamm\.m2\repository\org\apache\camel\springboot\camel-ref-starter\3.11.3\camel-ref-starter-3.11.3.jar;C:\Users\mhamm\.m2\repository\org\apache\camel\camel-ref\3.11.3\camel-ref-3.11.3.jar;C:\Users\mhamm\.m2\repository\org\apache\camel\springboot\camel-rest-starter\3.11.3\camel-rest-starter-3.11.3.jar;C:\Users\mhamm\.m2\repository\org\apache\camel\camel-rest\3.11.3\camel-rest-3.11.3.jar;C:\Users\mhamm\.m2\repository\org\apache\camel\camel-tooling-model\3.11.3\camel-tooling-model-3.11.3.jar;C:\Users\mhamm\.m2\repository\org\apache\camel\camel-util-json\3.11.3\camel-util-json-3.11.3.jar;C:\Users\mhamm\.m2\repository\org\apache\camel\springboot\camel-saga-starter\3.11.3\camel-saga-starter-3.11.3.jar;C:\Users\mhamm\.m2\repository\org\apache\camel\camel-saga\3.11.3\camel-saga-3.11.3.jar;C:\Users\mhamm\.m2\repository\org\apache\camel\springboot\camel-scheduler-starter\3.11.3\camel-scheduler-starter-3.11.3.jar;C:\Users\mhamm\.m2\repository\org\apache\camel\camel-scheduler\3.11.3\camel-scheduler-3.11.3.jar;C:\Users\mhamm\.m2\repository\org\apache\camel\springboot\camel-seda-starter\3.11.3\camel-seda-starter-3.11.3.jar;C:\Users\mhamm\.m2\repository\org\apache\camel\camel-seda\3.11.3\camel-seda-3.11.3.jar;C:\Users\mhamm\.m2\repository\org\apache\camel\springboot\camel-stub-starter\3.11.3\camel-stub-starter-3.11.3.jar;C:\Users\mhamm\.m2\repository\org\apache\camel\camel-stub\3.11.3\camel-stub-3.11.3.jar;C:\Users\mhamm\.m2\repository\org\apache\camel\springboot\camel-timer-starter\3.11.3\camel-timer-starter-3.11.3.jar;C:\Users\mhamm\.m2\repository\org\apache\camel\camel-timer\3.11.3\camel-timer-3.11.3.jar;C:\Users\mhamm\.m2\repository\org\apache\camel\springboot\camel-validator-starter\3.11.3\camel-validator-starter-3.11.3.jar;C:\Users\mhamm\.m2\repository\org\apache\camel\camel-validator\3.11.3\camel-validator-3.11.3.jar;C:\Users\mhamm\.m2\repository\org\apache\camel\springboot\camel-vm-starter\3.11.3\camel-vm-starter-3.11.3.jar;C:\Users\mhamm\.m2\repository\org\apache\camel\camel-vm\3.11.3\camel-vm-3.11.3.jar;C:\Users\mhamm\.m2\repository\org\apache\camel\springboot\camel-xpath-starter\3.11.3\camel-xpath-starter-3.11.3.jar;C:\Users\mhamm\.m2\repository\org\apache\camel\camel-xpath\3.11.3\camel-xpath-3.11.3.jar;C:\Users\mhamm\.m2\repository\org\apache\camel\springboot\camel-xslt-starter\3.11.3\camel-xslt-starter-3.11.3.jar;C:\Users\mhamm\.m2\repository\org\apache\camel\camel-xslt\3.11.3\camel-xslt-3.11.3.jar;C:\Users\mhamm\.m2\repository\org\apache\camel\springboot\camel-xml-jaxp-starter\3.11.3\camel-xml-jaxp-starter-3.11.3.jar;C:\Users\mhamm\.m2\repository\org\apache\camel\camel-xml-jaxp\3.11.3\camel-xml-jaxp-3.11.3.jar;C:\Users\mhamm\.m2\repository\org\apache\camel\camel-xml-io-util\3.11.3\camel-xml-io-util-3.11.3.jar;C:\Users\mhamm\.m2\repository\io\jsonwebtoken\jjwt\0.9.1\jjwt-0.9.1.jar;C:\Users\mhamm\.m2\repository\com\fasterxml\jackson\core\jackson-databind\2.11.4\jackson-databind-2.11.4.jar;C:\Users\mhamm\.m2\repository\com\fasterxml\jackson\core\jackson-annotations\2.11.4\jackson-annotations-2.11.4.jar;C:\Users\mhamm\.m2\repository\com\fasterxml\jackson\core\jackson-core\2.11.4\jackson-core-2.11.4.jar;C:\Users\mhamm\.m2\repository\org\springframework\boot\spring-boot-starter-data-jpa\2.4.3\spring-boot-starter-data-jpa-2.4.3.jar;C:\Users\mhamm\.m2\repository\org\springframework\boot\spring-boot-starter-aop\2.4.3\spring-boot-starter-aop-2.4.3.jar;C:\Users\mhamm\.m2\repository\org\aspectj\aspectjweaver\1.9.6\aspectjweaver-1.9.6.jar;C:\Users\mhamm\.m2\repository\org\springframework\boot\spring-boot-starter-jdbc\2.4.3\spring-boot-starter-jdbc-2.4.3.jar;C:\Users\mhamm\.m2\repository\com\zaxxer\HikariCP\3.4.5\HikariCP-3.4.5.jar;C:\Users\mhamm\.m2\repository\org\springframework\spring-jdbc\5.3.4\spring-jdbc-5.3.4.jar;C:\Users\mhamm\.m2\repository\jakarta\transaction\jakarta.transaction-api\1.3.3\jakarta.transaction-api-1.3.3.jar;C:\Users\mhamm\.m2\repository\jakarta\persistence\jakarta.persistence-api\2.2.3\jakarta.persistence-api-2.2.3.jar;C:\Users\mhamm\.m2\repository\org\hibernate\hibernate-core\5.4.28.Final\hibernate-core-5.4.28.Final.jar;C:\Users\mhamm\.m2\repository\org\jboss\logging\jboss-logging\3.4.1.Final\jboss-logging-3.4.1.Final.jar;C:\Users\mhamm\.m2\repository\org\javassist\javassist\3.27.0-GA\javassist-3.27.0-GA.jar;C:\Users\mhamm\.m2\repository\antlr\antlr\2.7.7\antlr-2.7.7.jar;C:\Users\mhamm\.m2\repository\org\jboss\jandex\2.2.3.Final\jandex-2.2.3.Final.jar;C:\Users\mhamm\.m2\repository\org\dom4j\dom4j\2.1.3\dom4j-2.1.3.jar;C:\Users\mhamm\.m2\repository\org\hibernate\common\hibernate-commons-annotations\5.1.2.Final\hibernate-commons-annotations-5.1.2.Final.jar;C:\Users\mhamm\.m2\repository\org\glassfish\jaxb\jaxb-runtime\2.3.3\jaxb-runtime-2.3.3.jar;C:\Users\mhamm\.m2\repository\org\glassfish\jaxb\txw2\2.3.3\txw2-2.3.3.jar;C:\Users\mhamm\.m2\repository\com\sun\istack\istack-commons-runtime\3.0.11\istack-commons-runtime-3.0.11.jar;C:\Users\mhamm\.m2\repository\com\sun\activation\jakarta.activation\1.2.2\jakarta.activation-1.2.2.jar;C:\Users\mhamm\.m2\repository\org\springframework\data\spring-data-jpa\2.4.5\spring-data-jpa-2.4.5.jar;C:\Users\mhamm\.m2\repository\org\springframework\data\spring-data-commons\2.4.5\spring-data-commons-2.4.5.jar;C:\Users\mhamm\.m2\repository\org\springframework\spring-orm\5.3.4\spring-orm-5.3.4.jar;C:\Users\mhamm\.m2\repository\org\springframework\spring-tx\5.3.4\spring-tx-5.3.4.jar;C:\Users\mhamm\.m2\repository\org\springframework\spring-aspects\5.3.4\spring-aspects-5.3.4.jar;C:\Users\mhamm\.m2\repository\io\springfox\springfox-swagger2\3.0.0\springfox-swagger2-3.0.0.jar;C:\Users\mhamm\.m2\repository\io\springfox\springfox-spi\3.0.0\springfox-spi-3.0.0.jar;C:\Users\mhamm\.m2\repository\io\springfox\springfox-core\3.0.0\springfox-core-3.0.0.jar;C:\Users\mhamm\.m2\repository\io\springfox\springfox-schema\3.0.0\springfox-schema-3.0.0.jar;C:\Users\mhamm\.m2\repository\io\springfox\springfox-swagger-common\3.0.0\springfox-swagger-common-3.0.0.jar;C:\Users\mhamm\.m2\repository\io\swagger\core\v3\swagger-annotations\2.1.2\swagger-annotations-2.1.2.jar;C:\Users\mhamm\.m2\repository\io\springfox\springfox-spring-web\3.0.0\springfox-spring-web-3.0.0.jar;C:\Users\mhamm\.m2\repository\io\github\classgraph\classgraph\4.8.83\classgraph-4.8.83.jar;C:\Users\mhamm\.m2\repository\io\springfox\springfox-spring-webmvc\3.0.0\springfox-spring-webmvc-3.0.0.jar;C:\Users\mhamm\.m2\repository\io\springfox\springfox-spring-webflux\3.0.0\springfox-spring-webflux-3.0.0.jar;C:\Users\mhamm\.m2\repository\com\fasterxml\classmate\1.5.1\classmate-1.5.1.jar;C:\Users\mhamm\.m2\repository\org\slf4j\slf4j-api\1.7.30\slf4j-api-1.7.30.jar;C:\Users\mhamm\.m2\repository\org\springframework\plugin\spring-plugin-core\2.0.0.RELEASE\spring-plugin-core-2.0.0.RELEASE.jar;C:\Users\mhamm\.m2\repository\org\springframework\plugin\spring-plugin-metadata\2.0.0.RELEASE\spring-plugin-metadata-2.0.0.RELEASE.jar;C:\Users\mhamm\.m2\repository\io\swagger\swagger-annotations\1.5.20\swagger-annotations-1.5.20.jar;C:\Users\mhamm\.m2\repository\io\swagger\swagger-models\1.5.20\swagger-models-1.5.20.jar;C:\Users\mhamm\.m2\repository\org\mapstruct\mapstruct\1.3.1.Final\mapstruct-1.3.1.Final.jar;C:\Users\mhamm\.m2\repository\io\springfox\springfox-swagger-ui\3.0.0\springfox-swagger-ui-3.0.0.jar;C:\Users\mhamm\.m2\repository\org\springframework\boot\spring-boot-starter-security\2.4.3\spring-boot-starter-security-2.4.3.jar;C:\Users\mhamm\.m2\repository\org\springframework\spring-aop\5.3.4\spring-aop-5.3.4.jar;C:\Users\mhamm\.m2\repository\org\springframework\security\spring-security-config\5.4.5\spring-security-config-5.4.5.jar;C:\Users\mhamm\.m2\repository\org\springframework\security\spring-security-core\5.4.5\spring-security-core-5.4.5.jar;C:\Users\mhamm\.m2\repository\org\springframework\security\spring-security-web\5.4.5\spring-security-web-5.4.5.jar;C:\Users\mhamm\.m2\repository\org\postgresql\postgresql\42.2.18\postgresql-42.2.18.jar;C:\Users\mhamm\.m2\repository\org\checkerframework\checker-qual\3.5.0\checker-qual-3.5.0.jar;"/>
    <property name="sun.cpu.endian" value="little"/>
    <property name="user.home" value="C:\Users\mhamm"/>
    <property name="user.language" value="en"/>
    <property name="java.specification.vendor" value="Oracle Corporation"/>
    <property name="java.version.date" value="2020-10-20"/>
    <property name="java.home" value="C:\Spring Boot Integration Tool\sts-4.9.0.RELEASE\plugins\org.eclipse.justj.openjdk.hotspot.jre.full.win32.x86_64_15.0.1.v20201027-0507\jre"/>
    <property name="file.separator" value="\"/>
    <property name="style.color" value="always"/>
    <property name="basedir" value="C:\Oasis\Integration\IntegrationServices\meu-demo-service"/>
    <property name="java.vm.compressedOopsMode" value="Zero based"/>
    <property name="line.separator" value="&#10;"/>
    <property name="java.vm.specification.vendor" value="Oracle Corporation"/>
    <property name="java.specification.name" value="Java Platform API Specification"/>
    <property name="surefire.real.class.path" value="C:\Users\mhamm\AppData\Local\Temp\surefire14700263980372625773\surefirebooter17731882677083586478.jar"/>
    <property name="user.script" value=""/>
    <property name="sun.management.compiler" value="HotSpot 64-Bit Tiered Compilers"/>
    <property name="java.runtime.version" value="15.0.1+9-18"/>
    <property name="user.name" value="mhamm"/>
    <property name="path.separator" value=";"/>
    <property name="os.version" value="10.0"/>
    <property name="java.runtime.name" value="OpenJDK Runtime Environment"/>
    <property name="file.encoding" value="Cp1252"/>
    <property name="java.vm.name" value="OpenJDK 64-Bit Server VM"/>
    <property name="localRepository" value="C:\Users\mhamm\.m2\repository"/>
    <property name="java.vendor.url.bug" value="https://bugreport.java.com/bugreport/"/>
    <property name="java.io.tmpdir" value="C:\Users\mhamm\AppData\Local\Temp\"/>
    <property name="java.version" value="15.0.1"/>
    <property name="user.dir" value="C:\Oasis\Integration\IntegrationServices\meu-demo-service"/>
    <property name="os.arch" value="amd64"/>
    <property name="java.vm.specification.name" value="Java Virtual Machine Specification"/>
    <property name="sun.os.patch.level" value=""/>
    <property name="java.library.path" value="C:\Spring Boot Integration Tool\sts-4.9.0.RELEASE\plugins\org.eclipse.justj.openjdk.hotspot.jre.full.win32.x86_64_15.0.1.v20201027-0507\jre\bin;C:\WINDOWS\Sun\Java\bin;C:\WINDOWS\system32;C:\WINDOWS;C:/Spring Boot Integration Tool/sts-4.9.0.RELEASE//plugins/org.eclipse.justj.openjdk.hotspot.jre.full.win32.x86_64_15.0.1.v20201027-0507/jre/bin/server;C:/Spring Boot Integration Tool/sts-4.9.0.RELEASE//plugins/org.eclipse.justj.openjdk.hotspot.jre.full.win32.x86_64_15.0.1.v20201027-0507/jre/bin;C:\Program Files (x86)\Common Files\Intel\Shared Libraries\redist\intel64\compiler;C:\Program Files (x86)\Common Files\Oracle\Java\javapath;C:\oraclexe\app\oracle\product\11.2.0\server\bin;C:\WINDOWS\system32;C:\WINDOWS;C:\WINDOWS\System32\Wbem;C:\WINDOWS\System32\WindowsPowerShell\v1.0\;C:\WINDOWS\System32\OpenSSH\;C:\Program Files\Git\cmd;C:\Program Files\Docker\Docker\resources\bin;C:\Users\mhamm\AppData\Roaming\nvm;C:\Program Files\nodejs;C:\Program Files\MySQL\MySQL Shell 8.0\bin\;C:\Ruby31-x64\bin;C:\RailsInstaller\Git\cmd;C:\RailsInstaller\Ruby2.3.3\bin;C:\Users\mhamm\AppData\Local\Microsoft\WindowsApps;C:\Users\mhamm\AppData\Local\atom\bin;C:\Program Files (x86)\Sophos\Sophos SSL VPN Client\bin;C:\Users\mhamm\AppData\Local\Microsoft\WindowsApps;C:\Users\mhamm\AppData\Local\JetBrains\IntelliJ IDEA 2019.3\bin;;C:\Users\mhamm\AppData\Local\Programs\Microsoft VS Code\bin;C:\Program Files\JetBrains\RubyMine 2021.3.2\bin;;C:\Users\mhamm\AppData\Roaming\npm;C:\Users\mhamm\AppData\Roaming\nvm;C:\Program Files\nodejs;C:\Spring Boot Integration Tool\sts-4.9.0.RELEASE;;."/>
    <property name="java.vm.info" value="mixed mode"/>
    <property name="java.vendor" value="Oracle Corporation"/>
    <property name="java.vm.version" value="15.0.1+9-18"/>
    <property name="sun.io.unicode.encoding" value="UnicodeLittle"/>
    <property name="java.class.version" value="59.0"/>
  </properties>
  <testcase name="contextLoads" classname="meu.edu.jo.MeuDemoServiceApplicationTests" time="0.182"/>
</testsuite>